[debug] ----------------------------------------------------------------------
[debug] Command:      C:\Program Files\nodejs\node.exe C:\Users\atana\AppData\Roaming\npm\node_modules\firebase-tools\bin\firebase serve
[debug] CLI Version:  3.9.0
[debug] Platform:     win32
[debug] Node Version: v7.9.0
[debug] Time:         Mon May 22 2017 20:54:39 GMT+0200 (W. Europe Daylight Time)
[debug] ----------------------------------------------------------------------
[debug] 
[debug] > command requires scopes: ["email","openid","https://www.googleapis.com/auth/cloudplatformprojects.readonly","https://www.googleapis.com/auth/firebase","https://www.googleapis.com/auth/cloud-platform"]
[debug] >>> HTTP REQUEST GET https://admin.firebase.com/v1/projects/fitlog-app  
 Mon May 22 2017 20:54:39 GMT+0200 (W. Europe Daylight Time)
[debug] <<< HTTP RESPONSE 200
[debug] >>> HTTP REQUEST GET https://admin.firebase.com/v1/database/fitlog-app/tokens  
 Mon May 22 2017 20:54:40 GMT+0200 (W. Europe Daylight Time)
[debug] <<< HTTP RESPONSE 200
[info] 
[info] === Serving from 'C:\Users\atana\Desktop\fitLog'...
[info] 
[debug] >>> HTTP REQUEST GET https://cloudresourcemanager.googleapis.com/v1/projects/fitlog-app  
 Mon May 22 2017 20:54:41 GMT+0200 (W. Europe Daylight Time)
[debug] <<< HTTP RESPONSE 200
[debug] >>> HTTP REQUEST GET https://mobilesdk-pa.googleapis.com/v1/projects/509651746828/clients/_:getWebAppConfig  
 Mon May 22 2017 20:54:42 GMT+0200 (W. Europe Daylight Time)
[debug] <<< HTTP RESPONSE 200
[info] i  hosting: Serving hosting files from: public
[info] +  hosting: Local server: http://localhost:5000

